~~~ SCL_ACC_X ~~~
Not compensated axe scale, LSB/g: 11942
TC @ 0g, ug/*C: 8.766
(TC(+g) - TC(-g)), ug/*C: -22.592
TC approx. error std., ug/*C: 12.154
~~~ SCL_ACC_Y ~~~
Not compensated axe scale, LSB/g: 11940
TC @ 0g, ug/*C: -51.285
(TC(+g) - TC(-g)), ug/*C: -19.809
TC approx. error std., ug/*C: 30.366
~~~ SCL_ACC_Z ~~~
Not compensated axe scale, LSB/g: 11953
TC @ 0g, ug/*C: -8.286
(TC(+g) - TC(-g)), ug/*C: -14.824
TC approx. error std., ug/*C: 28.684
Temperature cefficients, [B] = LSB/*C & [C] = 1/*C:
                   B            C
SCL_ACC_X   0.104695 -1.12958e-05
SCL_ACC_Y  -0.612357 -9.90444e-06
SCL_ACC_Z -0.0990493 -7.41189e-06
