~~~ SCL_ACC_X ~~~
Not compensated axe scale, LSB/g: 11949
TC @ 0g, ug/*C: 13.556
(TC(+g) - TC(-g)), ug/*C: -15.227
TC approx. error std., ug/*C: 23.359
~~~ SCL_ACC_Y ~~~
Not compensated axe scale, LSB/g: 11932
TC @ 0g, ug/*C: -65.093
(TC(+g) - TC(-g)), ug/*C: -27.695
TC approx. error std., ug/*C: 25.144
~~~ SCL_ACC_Z ~~~
Not compensated axe scale, LSB/g: 11948
TC @ 0g, ug/*C: 57.229
(TC(+g) - TC(-g)), ug/*C: -12.29
TC approx. error std., ug/*C: 15.471
Temperature cefficients, [B] = LSB/*C & [C] = 1/*C:
                  B            C
SCL_ACC_X  0.161984 -7.61349e-06
SCL_ACC_Y -0.776723 -1.38476e-05
SCL_ACC_Z   0.68382 -6.14513e-06
