~~~ SCL_ACC_X ~~~
Not compensated axe scale, LSB/g: 11943
TC @ 0g, ug/*C: -23.29
(TC(+g) - TC(-g)), ug/*C: -14.092
TC approx. error std., ug/*C: 24.254
~~~ SCL_ACC_Y ~~~
Not compensated axe scale, LSB/g: 11937
TC @ 0g, ug/*C: -56.699
(TC(+g) - TC(-g)), ug/*C: -18.141
TC approx. error std., ug/*C: 17.036
~~~ SCL_ACC_Z ~~~
Not compensated axe scale, LSB/g: 11941
TC @ 0g, ug/*C: 23.065
(TC(+g) - TC(-g)), ug/*C: -28.358
TC approx. error std., ug/*C: 16.961
Temperature cefficients, [B] = LSB/*C & [C] = 1/*C:
                  B            C
SCL_ACC_X  -0.27817  -7.0459e-06
SCL_ACC_Y -0.676845 -9.07068e-06
SCL_ACC_Z  0.275422 -1.41789e-05
