~~~ SCL_ACC_X ~~~
Not compensated axe scale, LSB/g: 11941
TC(0), ug/*C: 29.749
(ΔTC = TC(+g) - TC(-g)), ug/*C: -18.925
TC residuals std., ug/*C: 4.005
~~~ SCL_ACC_Y ~~~
Not compensated axe scale, LSB/g: 11940
TC(0), ug/*C: -33.54
(ΔTC = TC(+g) - TC(-g)), ug/*C: -21.629
TC residuals std., ug/*C: 17.787
~~~ SCL_ACC_Z ~~~
Not compensated axe scale, LSB/g: 11943
TC(0), ug/*C: -14.538
(ΔTC = TC(+g) - TC(-g)), ug/*C: -15.634
TC residuals std., ug/*C: 25.588

Coefficients for linear approximation of the temperature coefficient
[B] = LSB/*C, [C] = 1/*C:
                  B            C
SCL_ACC_X  0.355237 -9.46253e-06
SCL_ACC_Y -0.400492 -1.08146e-05
SCL_ACC_Z -0.173636 -7.81698e-06
