~~~ SCL_ACC_X ~~~
Not compensated axe scale, LSB/g: 11958
TC(0), ug/*C: -172.677
(ΔTC = TC(+g) - TC(-g)), ug/*C: -3.522
TC residuals std., ug/*C: 30.063
~~~ SCL_ACC_Y ~~~
Not compensated axe scale, LSB/g: 11944
TC(0), ug/*C: 287.102
(ΔTC = TC(+g) - TC(-g)), ug/*C: -32.42
TC residuals std., ug/*C: 18.441
~~~ SCL_ACC_Z ~~~
Not compensated axe scale, LSB/g: 11955
TC(0), ug/*C: 62.956
(ΔTC = TC(+g) - TC(-g)), ug/*C: -0.619
TC residuals std., ug/*C: 30.257

Coefficients for linear approximation of the temperature coefficient
[B] = LSB/*C, [C] = 1/*C:
                  B            C
SCL_ACC_X  -2.06493 -1.76085e-06
SCL_ACC_Y   3.42931   -1.621e-05
SCL_ACC_Z  0.752704 -3.09406e-07
