
~~~ Axe Summary ~~~
Not compensated axe scale, LSB/g: 257682
TC(0), ug/*C: 1.993
(ΔTC = TC(+g) - TC(-g)), ug/*C: 81.779
TC residuals std., ug/*C: 8.531
Convenient form of above values to copy-past in a spread sheet:
257682
1.993
81.779
8.531


~~~ Axe Summary ~~~
Not compensated axe scale, LSB/g: 260065
TC(0), ug/*C: -11.976
(ΔTC = TC(+g) - TC(-g)), ug/*C: 86.551
TC residuals std., ug/*C: 16.218
Convenient form of above values to copy-past in a spread sheet:
260065
-11.976
86.551
16.218


~~~ Axe Summary ~~~
Not compensated axe scale, LSB/g: 259155
TC(0), ug/*C: 5.143
(ΔTC = TC(+g) - TC(-g)), ug/*C: 8.112
TC residuals std., ug/*C: 13.272
Convenient form of above values to copy-past in a spread sheet:
259155
5.143
8.112
13.272

### Accelerometer Summary ###
Coefficients for linear approximation of the temperature coefficient
[B] = LSB/*C, [C] = 1/*C:
                  B            C
ADXL_ACC_X  0.51368  4.08893e-05
ADXL_ACC_Y -3.11463  4.32753e-05
ADXL_ACC_Z  1.33285  4.05602e-06
Convenient form of above values to copy-past in a spread sheet:
0.513679668994697 -3.114626611886805 1.332849560272325
4.088930146507872e-05 4.32753284379023e-05 4.0560235418043115e-06
