~~~ ADXL_ACC_X ~~~
Not compensated axe scale, LSB/g: 255373
TC(0), ug/*C: 10.258
(ΔTC = TC(+g) - TC(-g)), ug/*C: 85.725
TC residuals std., ug/*C: 7.474
~~~ ADXL_ACC_Y ~~~
Not compensated axe scale, LSB/g: 257493
TC(0), ug/*C: 16.956
(ΔTC = TC(+g) - TC(-g)), ug/*C: 92.867
TC residuals std., ug/*C: 3.824
~~~ ADXL_ACC_Z ~~~
Not compensated axe scale, LSB/g: 258020
TC(0), ug/*C: -10.345
(ΔTC = TC(+g) - TC(-g)), ug/*C: 23.785
TC residuals std., ug/*C: 14.446

Coefficients for linear approximation of the temperature coefficient
[B] = LSB/*C, [C] = 1/*C:
                  B            C
ADXL_ACC_X  2.61957  4.28624e-05
ADXL_ACC_Y  4.36605  4.64336e-05
ADXL_ACC_Z -2.66929  1.18924e-05
