
~~~ Axe Summary ~~~
Not compensated axe scale, LSB/g: 254744
TC(0), ug/*C: -3.677
(ΔTC = TC(+g) - TC(-g)), ug/*C: 78.313
TC residuals std., ug/*C: 4.461
Convenient form of above values to copy-past in a spread sheet:
254744
-3.677
78.313
4.461


~~~ Axe Summary ~~~
Not compensated axe scale, LSB/g: 256141
TC(0), ug/*C: 5.724
(ΔTC = TC(+g) - TC(-g)), ug/*C: 83.677
TC residuals std., ug/*C: 15.275
Convenient form of above values to copy-past in a spread sheet:
256141
5.724
83.677
15.275


~~~ Axe Summary ~~~
Not compensated axe scale, LSB/g: 257852
TC(0), ug/*C: 28.751
(ΔTC = TC(+g) - TC(-g)), ug/*C: 20.45
TC residuals std., ug/*C: 13.815
Convenient form of above values to copy-past in a spread sheet:
257852
28.751
20.45
13.815

### Accelerometer Summary ###
Coefficients for linear approximation of the temperature coefficient
[B] = LSB/*C, [C] = 1/*C:
                   B            C
ADXL_ACC_X -0.936793  3.91566e-05
ADXL_ACC_Y   1.46609  4.18387e-05
ADXL_ACC_Z   7.41341  1.02249e-05
Convenient form of above values to copy-past in a spread sheet:
-0.9367930401500205 1.4660886114195657 7.41340929514983
3.9156635567636324e-05 4.183871506869086e-05 1.0224892330132874e-05
