~~~ SCL_ACC_X ~~~
Not compensated axe scale, LSB/g: 11945
TC(0), ug/*C: 3.053
(ΔTC = TC(+g) - TC(-g)), ug/*C: -17.669
TC residuals std., ug/*C: 2.91
~~~ SCL_ACC_Y ~~~
Not compensated axe scale, LSB/g: 11944
TC(0), ug/*C: -50.172
(ΔTC = TC(+g) - TC(-g)), ug/*C: -19.612
TC residuals std., ug/*C: 13.526
~~~ SCL_ACC_Z ~~~
Not compensated axe scale, LSB/g: 11943
TC(0), ug/*C: 3.502
(ΔTC = TC(+g) - TC(-g)), ug/*C: -3.218
TC residuals std., ug/*C: 18.484

Coefficients for linear approximation of the temperature coefficient
[B] = LSB/*C, [C] = 1/*C:
                   B            C
SCL_ACC_X  0.0364647 -8.83462e-06
SCL_ACC_Y  -0.599269  -9.8061e-06
SCL_ACC_Z  0.0418238 -1.60894e-06
