~~~ SCL_ACC_X ~~~
Not compensated axe scale, LSB/g: 11944
TC(0), ug/*C: 15.865
(ΔTC = TC(+g) - TC(-g)), ug/*C: -19.026
TC residuals std., ug/*C: 3.169
~~~ SCL_ACC_Y ~~~
Not compensated axe scale, LSB/g: 11935
TC(0), ug/*C: -38.656
(ΔTC = TC(+g) - TC(-g)), ug/*C: -17.406
TC residuals std., ug/*C: 15.118
~~~ SCL_ACC_Z ~~~
Not compensated axe scale, LSB/g: 11946
TC(0), ug/*C: 53.7
(ΔTC = TC(+g) - TC(-g)), ug/*C: -47.621
TC residuals std., ug/*C: 26.487

Coefficients for linear approximation of the temperature coefficient
[B] = LSB/*C, [C] = 1/*C:
                  B            C
SCL_ACC_X  0.189502 -9.51283e-06
SCL_ACC_Y -0.461357 -8.70281e-06
SCL_ACC_Z  0.641507 -2.38106e-05
