~~~ SCL_ACC_X ~~~
Not compensated axe scale, LSB/g: 11947
TC(0), ug/*C: -31.904
(ΔTC = TC(+g) - TC(-g)), ug/*C: -18.854
TC residuals std., ug/*C: 21.51
~~~ SCL_ACC_Y ~~~
Not compensated axe scale, LSB/g: 11923
TC(0), ug/*C: -41.705
(ΔTC = TC(+g) - TC(-g)), ug/*C: -30.093
TC residuals std., ug/*C: 13.279
~~~ SCL_ACC_Z ~~~
Not compensated axe scale, LSB/g: 11946
TC(0), ug/*C: 113.802
(ΔTC = TC(+g) - TC(-g)), ug/*C: -13.281
TC residuals std., ug/*C: 20.793

Coefficients for linear approximation of the temperature coefficient
[B] = LSB/*C, [C] = 1/*C:
                  B            C
SCL_ACC_X -0.381155 -9.42714e-06
SCL_ACC_Y -0.497286 -1.50465e-05
SCL_ACC_Z   1.35952 -6.64051e-06
